<?xml version="1.0" encoding="UTF-8"?>
<!-- Generated by org.testng.reporters.JUnitReportReporter -->
<testsuite hostname="Dileep" failures="0" tests="3" name="selenium_core.Demo" time="0.040" errors="0" timestamp="10 Feb 2022 12:40:34 GMT">
  <testcase classname="selenium_core.Demo" name="jobIsMandatory" time="0.029"/>
  <testcase classname="selenium_core.Demo" name="jobIsMandatoryFor" time="0.004"/>
  <testcase classname="selenium_core.Demo" name="jobIsMandatoryFor" time="0.007"/>
</testsuite> <!-- selenium_core.Demo -->
