<?xml version="1.0" encoding="UTF-8"?>
<!-- Generated by org.testng.reporters.JUnitReportReporter -->
<testsuite hostname="Dileep" failures="0" tests="2" name="selenium_core.DataProviderDemo" time="0.024" errors="0" timestamp="10 Feb 2022 15:11:56 GMT">
  <testcase classname="selenium_core.DataProviderDemo" name="login" time="0.021"/>
  <testcase classname="selenium_core.DataProviderDemo" name="login" time="0.003"/>
</testsuite> <!-- selenium_core.DataProviderDemo -->
