<?xml version="1.0" encoding="UTF-8"?>
<!-- Generated by org.testng.reporters.JUnitReportReporter -->
<testsuite hostname="Dileep" failures="0" tests="1" name="selenium_core.A2" time="0.022" errors="0" timestamp="10 Feb 2022 12:52:41 GMT">
  <testcase classname="selenium_core.A2" name="hello1" time="0.022"/>
</testsuite> <!-- selenium_core.A2 -->
