<?xml version="1.0" encoding="UTF-8"?>
<!-- Generated by org.testng.reporters.JUnitReportReporter -->
<testsuite hostname="Dileep" failures="0" tests="2" name="selenium_advanced.B3" time="0.008" errors="0" timestamp="10 Feb 2022 12:52:41 GMT">
  <testcase classname="selenium_advanced.B3" name="hello2" time="0.003"/>
  <testcase classname="selenium_advanced.B3" name="hello1" time="0.005"/>
</testsuite> <!-- selenium_advanced.B3 -->
