<?xml version="1.0" encoding="UTF-8"?>
<!-- Generated by org.testng.reporters.JUnitReportReporter -->
<testsuite hostname="Dileep" failures="0" tests="1" name="selenium_chrome.TestNG_Demo2" time="8.262" errors="0" timestamp="10 Feb 2022 12:06:02 GMT">
  <testcase classname="selenium_chrome.TestNG_Demo2" name="loginTestCase" time="8.262"/>
</testsuite> <!-- selenium_chrome.TestNG_Demo2 -->
