<?xml version="1.0" encoding="UTF-8"?>
<!-- Generated by org.testng.reporters.JUnitReportReporter -->
<testsuite hostname="Dileep" failures="0" tests="3" name="selenium_chrome.TestNGFailedCase2" time="7.241" errors="0" timestamp="10 Feb 2022 12:11:37 GMT">
  <testcase classname="selenium_chrome.TestNGFailedCase2" name="again" time="0.010"/>
  <testcase classname="selenium_chrome.TestNGFailedCase2" name="loginTestCase" time="7.224"/>
  <testcase classname="selenium_chrome.TestNGFailedCase2" name="demo" time="0.007"/>
</testsuite> <!-- selenium_chrome.TestNGFailedCase2 -->
